<?xml version="1.0" encoding="UTF-8"?>
<!-- Generated by org.testng.reporters.JUnitReportReporter -->
<testsuite hostname="KTLKDIOT-L135" failures="0" tests="3" name="KloudqTechnologies.tests.LenzAutomationAdminTestShield" time="5.002" errors="1" timestamp="2023-12-13T18:06:30 IST" skipped="0">
  <testcase classname="KloudqTechnologies.tests.LenzAutomationAdminTestShield" name="LoginLenzAutomation" time="0.000">
    <error message="
Parameter &#039;companyName&#039; is required by @Test on method LoginLenzAutomation but has not been marked @Optional or defined
in C:\Users\sampadad\Desktop\MainFolder\TestingFrameworkForAll\testSuits\testng.xml" type="org.testng.TestNGException">
      <![CDATA[org.testng.TestNGException: 
Parameter 'companyName' is required by @Test on method LoginLenzAutomation but has not been marked @Optional or defined
in C:\Users\sampadad\Desktop\MainFolder\TestingFrameworkForAll\testSuits\testng.xml
at org.testng.internal.Parameters.createParams(Parameters.java:267)
at org.testng.internal.Parameters.createParametersForMethod(Parameters.java:355)
at org.testng.internal.Parameters.createParameters(Parameters.java:684)
at org.testng.internal.Parameters.handleParameters(Parameters.java:879)
at org.testng.internal.Parameters.handleParameters(Parameters.java:728)
at org.testng.internal.invokers.ParameterHandler.handleParameters(ParameterHandler.java:72)
at org.testng.internal.invokers.ParameterHandler.createParameters(ParameterHandler.java:51)
at org.testng.internal.invokers.TestInvoker$MethodInvocationAgent.invoke(TestInvoker.java:911)
at org.testng.internal.invokers.TestInvoker.invokeTestMethods(TestInvoker.java:200)
at org.testng.internal.invokers.TestMethodWorker.invokeTestMethods(TestMethodWorker.java:148)
at org.testng.internal.invokers.TestMethodWorker.run(TestMethodWorker.java:128)
at java.base/java.util.ArrayList.forEach(ArrayList.java:1511)
at org.testng.TestRunner.privateRun(TestRunner.java:848)
at org.testng.TestRunner.run(TestRunner.java:621)
at org.testng.SuiteRunner.runTest(SuiteRunner.java:443)
at org.testng.SuiteRunner.runSequentially(SuiteRunner.java:437)
at org.testng.SuiteRunner.privateRun(SuiteRunner.java:397)
at org.testng.SuiteRunner.run(SuiteRunner.java:336)
at org.testng.SuiteRunnerWorker.runSuite(SuiteRunnerWorker.java:52)
at org.testng.SuiteRunnerWorker.run(SuiteRunnerWorker.java:95)
at org.testng.TestNG.runSuitesSequentially(TestNG.java:1280)
at org.testng.TestNG.runSuitesSequentially(TestNG.java:1275)
at org.testng.TestNG.runSuitesLocally(TestNG.java:1200)
at org.testng.TestNG.runSuites(TestNG.java:1114)
at org.testng.TestNG.run(TestNG.java:1082)
at KloudqTechnologies.tests.Main.main(Main.java:44)
]]>
    </error>
  </testcase> <!-- LoginLenzAutomation -->
  <testcase classname="KloudqTechnologies.tests.LenzAutomationAdminTestShield" name="LenzAutomationAdministrator" time="5.001"/>
  <testcase classname="KloudqTechnologies.tests.LenzAutomationAdminTestShield" name="teardown" time="0.001"/>
</testsuite> <!-- KloudqTechnologies.tests.LenzAutomationAdminTestShield -->
