<?xml version="1.0" encoding="UTF-8"?>
<!-- Generated by org.testng.reporters.JUnitXMLReporter -->
<testsuite ignored="0" hostname="KTLKDIOT-L135" failures="1" tests="3" name="Lenz Automation Regression" time="5.017" errors="0" timestamp="2023-12-13T18:06:27 IST">
  <testcase classname="KloudqTechnologies.tests.LenzAutomationAdminTestShield" name="LoginLenzAutomation" time="0.0">
    <failure type="org.testng.TestNGException" message="
Parameter &amp;apos;companyName&amp;apos; is required by @Test on method LoginLenzAutomation but has not been marked @Optional or defined
in C:\Users\sampadad\Desktop\MainFolder\TestingFrameworkForAll\testSuits\testng.xml">
      <![CDATA[org.testng.TestNGException: 
Parameter 'companyName' is required by @Test on method LoginLenzAutomation but has not been marked @Optional or defined
in C:\Users\sampadad\Desktop\MainFolder\TestingFrameworkForAll\testSuits\testng.xml
at java.base/java.util.ArrayList.forEach(ArrayList.java:1511)
at KloudqTechnologies.tests.Main.main(Main.java:44)
... Removed 24 stack frames]]>
    </failure>
  </testcase> <!-- LoginLenzAutomation -->
  <testcase classname="KloudqTechnologies.tests.LenzAutomationAdminTestShield" name="LenzAutomationAdministrator" time="5.001"/>
  <testcase classname="KloudqTechnologies.tests.LenzAutomationAdminTestShield" name="teardown" time="0.001"/>
</testsuite> <!-- Lenz Automation Regression -->
